<?xml version="1.0" encoding="UTF-8"?>
<testng-results ignored="0" total="19" passed="16" failed="3" skipped="0">
  <reporter-output>
  </reporter-output>
  <suite started-at="2022-12-02T21:27:56 EET" name="Surefire suite" finished-at="2022-12-02T21:31:34 EET" duration-ms="218379">
    <groups>
      <group name="cucumber">
        <method signature="AbstractTestNGCucumberTests.runScenario(io.cucumber.testng.PickleWrapper,io.cucumber.testng.FeatureWrapper)[pri:0, instance:org.example.runner.Runners@d706f19]" name="runScenario" class="io.cucumber.testng.AbstractTestNGCucumberTests"/>
      </group> <!-- cucumber -->
    </groups>
    <test started-at="2022-12-02T21:27:56 EET" name="Surefire test" finished-at="2022-12-02T21:31:34 EET" duration-ms="218379">
      <class name="org.example.runner.Runners">
        <test-method is-config="true" signature="setUpClass(org.testng.ITestContext)[pri:0, instance:org.example.runner.Runners@d706f19]" started-at="2022-12-02T21:27:56 EET" name="setUpClass" finished-at="2022-12-02T21:27:56 EET" duration-ms="424" status="PASS">
          <params>
            <param index="0">
              <value>
                <![CDATA[org.testng.TestRunner@7f4f1536]]>
              </value>
            </param>
          </params>
          <reporter-output>
          </reporter-output>
        </test-method> <!-- setUpClass -->
        <test-method signature="runScenario(io.cucumber.testng.PickleWrapper,io.cucumber.testng.FeatureWrapper)[pri:0, instance:org.example.runner.Runners@d706f19]" started-at="2022-12-02T21:27:56 EET" name="runScenario" description="Runs Cucumber Scenarios" data-provider="scenarios" finished-at="2022-12-02T21:28:21 EET" duration-ms="24792" status="PASS">
          <params>
            <param index="0">
              <value>
                <![CDATA["guest user could register with valid data successfully"]]>
              </value>
            </param>
            <param index="1">
              <value>
                <![CDATA["Register | users could register with new accounts"]]>
              </value>
            </param>
          </params>
          <reporter-output>
          </reporter-output>
        </test-method> <!-- runScenario -->
        <test-method signature="runScenario(io.cucumber.testng.PickleWrapper,io.cucumber.testng.FeatureWrapper)[pri:0, instance:org.example.runner.Runners@d706f19]" started-at="2022-12-02T21:28:21 EET" name="runScenario" description="Runs Cucumber Scenarios" data-provider="scenarios" finished-at="2022-12-02T21:28:28 EET" duration-ms="7211" status="PASS">
          <params>
            <param index="0">
              <value>
                <![CDATA["user could login with valid email and password"]]>
              </value>
            </param>
            <param index="1">
              <value>
                <![CDATA["Login | users could use login functionality to use their accounts"]]>
              </value>
            </param>
          </params>
          <reporter-output>
          </reporter-output>
        </test-method> <!-- runScenario -->
        <test-method signature="runScenario(io.cucumber.testng.PickleWrapper,io.cucumber.testng.FeatureWrapper)[pri:0, instance:org.example.runner.Runners@d706f19]" started-at="2022-12-02T21:28:28 EET" name="runScenario" description="Runs Cucumber Scenarios" data-provider="scenarios" finished-at="2022-12-02T21:28:35 EET" duration-ms="6831" status="PASS">
          <params>
            <param index="0">
              <value>
                <![CDATA["user could login with invalid email and password"]]>
              </value>
            </param>
            <param index="1">
              <value>
                <![CDATA["Login | users could use login functionality to use their accounts"]]>
              </value>
            </param>
          </params>
          <reporter-output>
          </reporter-output>
        </test-method> <!-- runScenario -->
        <test-method signature="runScenario(io.cucumber.testng.PickleWrapper,io.cucumber.testng.FeatureWrapper)[pri:0, instance:org.example.runner.Runners@d706f19]" started-at="2022-12-02T21:28:35 EET" name="runScenario" description="Runs Cucumber Scenarios" data-provider="scenarios" finished-at="2022-12-02T21:28:41 EET" duration-ms="5546" status="PASS">
          <params>
            <param index="0">
              <value>
                <![CDATA["user could select euro currency"]]>
              </value>
            </param>
            <param index="1">
              <value>
                <![CDATA["Currency | users could change currency view"]]>
              </value>
            </param>
          </params>
          <reporter-output>
          </reporter-output>
        </test-method> <!-- runScenario -->
        <test-method signature="runScenario(io.cucumber.testng.PickleWrapper,io.cucumber.testng.FeatureWrapper)[pri:0, instance:org.example.runner.Runners@d706f19]" started-at="2022-12-02T21:28:41 EET" name="runScenario" description="Runs Cucumber Scenarios" data-provider="scenarios" finished-at="2022-12-02T21:28:53 EET" duration-ms="12446" status="PASS">
          <params>
            <param index="0">
              <value>
                <![CDATA["user could search using product name"]]>
              </value>
            </param>
            <param index="1">
              <value>
                <![CDATA["Search | users could using product name and sku"]]>
              </value>
            </param>
          </params>
          <reporter-output>
          </reporter-output>
        </test-method> <!-- runScenario -->
        <test-method signature="runScenario(io.cucumber.testng.PickleWrapper,io.cucumber.testng.FeatureWrapper)[pri:0, instance:org.example.runner.Runners@d706f19]" started-at="2022-12-02T21:28:53 EET" name="runScenario" description="Runs Cucumber Scenarios" data-provider="scenarios" finished-at="2022-12-02T21:29:00 EET" duration-ms="7450" status="PASS">
          <params>
            <param index="0">
              <value>
                <![CDATA["user could search using product name"]]>
              </value>
            </param>
            <param index="1">
              <value>
                <![CDATA["Search | users could using product name and sku"]]>
              </value>
            </param>
          </params>
          <reporter-output>
          </reporter-output>
        </test-method> <!-- runScenario -->
        <test-method signature="runScenario(io.cucumber.testng.PickleWrapper,io.cucumber.testng.FeatureWrapper)[pri:0, instance:org.example.runner.Runners@d706f19]" started-at="2022-12-02T21:29:00 EET" name="runScenario" description="Runs Cucumber Scenarios" data-provider="scenarios" finished-at="2022-12-02T21:29:10 EET" duration-ms="9998" status="PASS">
          <params>
            <param index="0">
              <value>
                <![CDATA["user could search using product name"]]>
              </value>
            </param>
            <param index="1">
              <value>
                <![CDATA["Search | users could using product name and sku"]]>
              </value>
            </param>
          </params>
          <reporter-output>
          </reporter-output>
        </test-method> <!-- runScenario -->
        <test-method signature="runScenario(io.cucumber.testng.PickleWrapper,io.cucumber.testng.FeatureWrapper)[pri:0, instance:org.example.runner.Runners@d706f19]" started-at="2022-12-02T21:29:10 EET" name="runScenario" description="Runs Cucumber Scenarios" data-provider="scenarios" finished-at="2022-12-02T21:29:19 EET" duration-ms="8960" status="PASS">
          <params>
            <param index="0">
              <value>
                <![CDATA["user could search using Sku"]]>
              </value>
            </param>
            <param index="1">
              <value>
                <![CDATA["Search | users could using product name and sku"]]>
              </value>
            </param>
          </params>
          <reporter-output>
          </reporter-output>
        </test-method> <!-- runScenario -->
        <test-method signature="runScenario(io.cucumber.testng.PickleWrapper,io.cucumber.testng.FeatureWrapper)[pri:0, instance:org.example.runner.Runners@d706f19]" started-at="2022-12-02T21:29:19 EET" name="runScenario" description="Runs Cucumber Scenarios" data-provider="scenarios" finished-at="2022-12-02T21:29:28 EET" duration-ms="8794" status="PASS">
          <params>
            <param index="0">
              <value>
                <![CDATA["user could search using Sku"]]>
              </value>
            </param>
            <param index="1">
              <value>
                <![CDATA["Search | users could using product name and sku"]]>
              </value>
            </param>
          </params>
          <reporter-output>
          </reporter-output>
        </test-method> <!-- runScenario -->
        <test-method signature="runScenario(io.cucumber.testng.PickleWrapper,io.cucumber.testng.FeatureWrapper)[pri:0, instance:org.example.runner.Runners@d706f19]" started-at="2022-12-02T21:29:28 EET" name="runScenario" description="Runs Cucumber Scenarios" data-provider="scenarios" finished-at="2022-12-02T21:29:37 EET" duration-ms="8893" status="PASS">
          <params>
            <param index="0">
              <value>
                <![CDATA["user could search using Sku"]]>
              </value>
            </param>
            <param index="1">
              <value>
                <![CDATA["Search | users could using product name and sku"]]>
              </value>
            </param>
          </params>
          <reporter-output>
          </reporter-output>
        </test-method> <!-- runScenario -->
        <test-method signature="runScenario(io.cucumber.testng.PickleWrapper,io.cucumber.testng.FeatureWrapper)[pri:0, instance:org.example.runner.Runners@d706f19]" started-at="2022-12-02T21:29:37 EET" name="runScenario" description="Runs Cucumber Scenarios" data-provider="scenarios" finished-at="2022-12-02T21:29:49 EET" duration-ms="11709" status="PASS">
          <params>
            <param index="0">
              <value>
                <![CDATA["user will select randomly from three main category"]]>
              </value>
            </param>
            <param index="1">
              <value>
                <![CDATA["hover on one of main categories then click on sub category"]]>
              </value>
            </param>
          </params>
          <reporter-output>
          </reporter-output>
        </test-method> <!-- runScenario -->
        <test-method signature="runScenario(io.cucumber.testng.PickleWrapper,io.cucumber.testng.FeatureWrapper)[pri:0, instance:org.example.runner.Runners@d706f19]" started-at="2022-12-02T21:29:49 EET" name="runScenario" description="Runs Cucumber Scenarios" data-provider="scenarios" finished-at="2022-12-02T21:29:54 EET" duration-ms="5177" status="FAIL">
          <params>
            <param index="0">
              <value>
                <![CDATA["First slider Nokia click"]]>
              </value>
            </param>
            <param index="1">
              <value>
                <![CDATA["Sliders | users can find two sliders when they open home page and Click on them"]]>
              </value>
            </param>
          </params>
          <exception class="java.lang.AssertionError">
            <message>
              <![CDATA[The following asserts failed:
Assertion of Nokia URL expected [https://demo.nopcommerce.com/nokia-lumia-1020] but found [https://demo.nopcommerce.com/]]]>
            </message>
            <full-stacktrace>
              <![CDATA[java.lang.AssertionError: The following asserts failed:
Assertion of Nokia URL expected [https://demo.nopcommerce.com/nokia-lumia-1020] but found [https://demo.nopcommerce.com/]
at org.testng.asserts.SoftAssert.assertAll(SoftAssert.java:46)
at org.testng.asserts.SoftAssert.assertAll(SoftAssert.java:30)
at org.example.stepDefintions.S06HomeSlidersStepDef.shouldNavigateToNokiaPage(S06HomeSlidersStepDef.java:27)
at ✽.should navigate to nokia Page(file:///D:/FWD%20-%20Front%20End%20Testing/Automation%20Projects/demonopcommerce/src/main/resources/features/F06HomeSliders.feature:5)
]]>
            </full-stacktrace>
          </exception> <!-- java.lang.AssertionError -->
          <reporter-output>
          </reporter-output>
        </test-method> <!-- runScenario -->
        <test-method signature="runScenario(io.cucumber.testng.PickleWrapper,io.cucumber.testng.FeatureWrapper)[pri:0, instance:org.example.runner.Runners@d706f19]" started-at="2022-12-02T21:29:54 EET" name="runScenario" description="Runs Cucumber Scenarios" data-provider="scenarios" finished-at="2022-12-02T21:29:59 EET" duration-ms="5477" status="FAIL">
          <params>
            <param index="0">
              <value>
                <![CDATA["Second slider Iphone click"]]>
              </value>
            </param>
            <param index="1">
              <value>
                <![CDATA["Sliders | users can find two sliders when they open home page and Click on them"]]>
              </value>
            </param>
          </params>
          <exception class="java.lang.AssertionError">
            <message>
              <![CDATA[The following asserts failed:
Assertion of Iphone URL expected [https://demo.nopcommerce.com/iphone-6] but found [https://demo.nopcommerce.com/]]]>
            </message>
            <full-stacktrace>
              <![CDATA[java.lang.AssertionError: The following asserts failed:
Assertion of Iphone URL expected [https://demo.nopcommerce.com/iphone-6] but found [https://demo.nopcommerce.com/]
at org.testng.asserts.SoftAssert.assertAll(SoftAssert.java:46)
at org.testng.asserts.SoftAssert.assertAll(SoftAssert.java:30)
at org.example.stepDefintions.S06HomeSlidersStepDef.shouldNavigateToIphonePage(S06HomeSlidersStepDef.java:44)
at ✽.should navigate to Iphone Page(file:///D:/FWD%20-%20Front%20End%20Testing/Automation%20Projects/demonopcommerce/src/main/resources/features/F06HomeSliders.feature:10)
]]>
            </full-stacktrace>
          </exception> <!-- java.lang.AssertionError -->
          <reporter-output>
          </reporter-output>
        </test-method> <!-- runScenario -->
        <test-method signature="runScenario(io.cucumber.testng.PickleWrapper,io.cucumber.testng.FeatureWrapper)[pri:0, instance:org.example.runner.Runners@d706f19]" started-at="2022-12-02T21:29:59 EET" name="runScenario" description="Runs Cucumber Scenarios" data-provider="scenarios" finished-at="2022-12-02T21:30:12 EET" duration-ms="12832" status="PASS">
          <params>
            <param index="0">
              <value>
                <![CDATA["users click on facebook link"]]>
              </value>
            </param>
            <param index="1">
              <value>
                <![CDATA["FollowUs | users could open followUs links"]]>
              </value>
            </param>
          </params>
          <reporter-output>
          </reporter-output>
        </test-method> <!-- runScenario -->
        <test-method signature="runScenario(io.cucumber.testng.PickleWrapper,io.cucumber.testng.FeatureWrapper)[pri:0, instance:org.example.runner.Runners@d706f19]" started-at="2022-12-02T21:30:12 EET" name="runScenario" description="Runs Cucumber Scenarios" data-provider="scenarios" finished-at="2022-12-02T21:30:26 EET" duration-ms="13462" status="PASS">
          <params>
            <param index="0">
              <value>
                <![CDATA["users click on twitter link"]]>
              </value>
            </param>
            <param index="1">
              <value>
                <![CDATA["FollowUs | users could open followUs links"]]>
              </value>
            </param>
          </params>
          <reporter-output>
          </reporter-output>
        </test-method> <!-- runScenario -->
        <test-method signature="runScenario(io.cucumber.testng.PickleWrapper,io.cucumber.testng.FeatureWrapper)[pri:0, instance:org.example.runner.Runners@d706f19]" started-at="2022-12-02T21:30:26 EET" name="runScenario" description="Runs Cucumber Scenarios" data-provider="scenarios" finished-at="2022-12-02T21:30:51 EET" duration-ms="25360" status="FAIL">
          <params>
            <param index="0">
              <value>
                <![CDATA["users click on rss link"]]>
              </value>
            </param>
            <param index="1">
              <value>
                <![CDATA["FollowUs | users could open followUs links"]]>
              </value>
            </param>
          </params>
          <exception class="org.openqa.selenium.TimeoutException">
            <message>
              <![CDATA[Expected condition failed: waiting for number of open windows to be 2 (tried for 20 second(s) with 500 milliseconds interval)
Build info: version: '4.6.0', revision: '79f1c02ae20'
System info: os.name: 'Windows 10', os.arch: 'amd64', os.version: '10.0', java.version: '19.0.1'
Driver info: org.openqa.selenium.chrome.ChromeDriver
Capabilities {acceptInsecureCerts: false, browserName: chrome, browserVersion: 108.0.5359.72, chrome: {chromedriverVersion: 108.0.5359.71 (1e0e3868ee06..., userDataDir: C:\Users\Agami\AppData\Loca...}, goog:chromeOptions: {debuggerAddress: localhost:60726}, networkConnectionEnabled: false, pageLoadStrategy: normal, platformName: WINDOWS, proxy: Proxy(), se:cdp: ws://localhost:60726/devtoo..., se:cdpVersion: 108.0.5359.72, setWindowRect: true, strictFileInteractability: false, timeouts: {implicit: 0, pageLoad: 300000, script: 30000}, unhandledPromptBehavior: dismiss and notify, webauthn:extension:credBlob: true, webauthn:extension:largeBlob: true, webauthn:virtualAuthenticators: true}
Session ID: cc058233e4f34b892c335748bc1262f5]]>
            </message>
            <full-stacktrace>
              <![CDATA[org.openqa.selenium.TimeoutException: Expected condition failed: waiting for number of open windows to be 2 (tried for 20 second(s) with 500 milliseconds interval)
Build info: version: '4.6.0', revision: '79f1c02ae20'
System info: os.name: 'Windows 10', os.arch: 'amd64', os.version: '10.0', java.version: '19.0.1'
Driver info: org.openqa.selenium.chrome.ChromeDriver
Capabilities {acceptInsecureCerts: false, browserName: chrome, browserVersion: 108.0.5359.72, chrome: {chromedriverVersion: 108.0.5359.71 (1e0e3868ee06..., userDataDir: C:\Users\Agami\AppData\Loca...}, goog:chromeOptions: {debuggerAddress: localhost:60726}, networkConnectionEnabled: false, pageLoadStrategy: normal, platformName: WINDOWS, proxy: Proxy(), se:cdp: ws://localhost:60726/devtoo..., se:cdpVersion: 108.0.5359.72, setWindowRect: true, strictFileInteractability: false, timeouts: {implicit: 0, pageLoad: 300000, script: 30000}, unhandledPromptBehavior: dismiss and notify, webauthn:extension:credBlob: true, webauthn:extension:largeBlob: true, webauthn:virtualAuthenticators: true}
Session ID: cc058233e4f34b892c335748bc1262f5
at org.openqa.selenium.support.ui.WebDriverWait.timeoutException(WebDriverWait.java:87)
at org.openqa.selenium.support.ui.FluentWait.until(FluentWait.java:231)
at org.example.stepDefintions.S07FollowUsStepDef.userOpensNewTab(S07FollowUsStepDef.java:45)
at ✽.user opens new tab(file:///D:/FWD%20-%20Front%20End%20Testing/Automation%20Projects/demonopcommerce/src/main/resources/features/F07FollowUs.feature:19)
]]>
            </full-stacktrace>
          </exception> <!-- org.openqa.selenium.TimeoutException -->
          <reporter-output>
          </reporter-output>
        </test-method> <!-- runScenario -->
        <test-method signature="runScenario(io.cucumber.testng.PickleWrapper,io.cucumber.testng.FeatureWrapper)[pri:0, instance:org.example.runner.Runners@d706f19]" started-at="2022-12-02T21:30:51 EET" name="runScenario" description="Runs Cucumber Scenarios" data-provider="scenarios" finished-at="2022-12-02T21:31:07 EET" duration-ms="16227" status="PASS">
          <params>
            <param index="0">
              <value>
                <![CDATA["users click on youtube link"]]>
              </value>
            </param>
            <param index="1">
              <value>
                <![CDATA["FollowUs | users could open followUs links"]]>
              </value>
            </param>
          </params>
          <reporter-output>
          </reporter-output>
        </test-method> <!-- runScenario -->
        <test-method signature="runScenario(io.cucumber.testng.PickleWrapper,io.cucumber.testng.FeatureWrapper)[pri:0, instance:org.example.runner.Runners@d706f19]" started-at="2022-12-02T21:31:07 EET" name="runScenario" description="Runs Cucumber Scenarios" data-provider="scenarios" finished-at="2022-12-02T21:31:19 EET" duration-ms="11451" status="PASS">
          <params>
            <param index="0">
              <value>
                <![CDATA["user add products to wishlist card"]]>
              </value>
            </param>
            <param index="1">
              <value>
                <![CDATA["WishList | users can add products to wishlist card"]]>
              </value>
            </param>
          </params>
          <reporter-output>
          </reporter-output>
        </test-method> <!-- runScenario -->
        <test-method signature="runScenario(io.cucumber.testng.PickleWrapper,io.cucumber.testng.FeatureWrapper)[pri:0, instance:org.example.runner.Runners@d706f19]" started-at="2022-12-02T21:31:19 EET" name="runScenario" description="Runs Cucumber Scenarios" data-provider="scenarios" finished-at="2022-12-02T21:31:34 EET" duration-ms="15150" status="PASS">
          <params>
            <param index="0">
              <value>
                <![CDATA["user add products to wishlist card"]]>
              </value>
            </param>
            <param index="1">
              <value>
                <![CDATA["WishList | users can add products to wishlist card"]]>
              </value>
            </param>
          </params>
          <reporter-output>
          </reporter-output>
        </test-method> <!-- runScenario -->
        <test-method is-config="true" signature="tearDownClass()[pri:0, instance:org.example.runner.Runners@d706f19]" started-at="2022-12-02T21:31:34 EET" name="tearDownClass" finished-at="2022-12-02T21:31:34 EET" duration-ms="140" status="PASS">
          <reporter-output>
          </reporter-output>
        </test-method> <!-- tearDownClass -->
      </class> <!-- org.example.runner.Runners -->
    </test> <!-- Surefire test -->
  </suite> <!-- Surefire suite -->
</testng-results>
